<component name="libraryTable">
  <library name="junit-4.12">
    <CLASSES>
      <root url="jar://$APPLICATION_HOME_DIR$/lib/junit-4.12.jar!/" />
      <root url="jar://$APPLICATION_HOME_DIR$/lib/hamcrest-core-1.3.jar!/" />
      <root url="jar://C:/usr/lib/xchart-3.5.4/xchart-3.5.4/xchart-3.5.4.jar!/" />
    </CLASSES>
    <JAVADOC />
    <SOURCES />
  </library>
</component>